0 info it worked if it ends with ok
1 verbose cli [ '/home/ubuntu/.nvm/versions/node/v4.7.3/bin/node',
1 verbose cli   '/home/ubuntu/.nvm/versions/node/v4.7.3/bin/npm',
1 verbose cli   'install',
1 verbose cli   'passport',
1 verbose cli   'passport-local',
1 verbose cli   'pasport-local-mongoose',
1 verbose cli   'express-session',
1 verbose cli   '--save' ]
2 info using npm@2.15.11
3 info using node@v4.7.3
4 verbose install initial load of /home/ubuntu/workspace/authentication/authdemo/package.json
5 warn package.json authdemo@1.0.0 No description
6 warn package.json authdemo@1.0.0 No repository field.
7 warn package.json authdemo@1.0.0 No README data
8 verbose installManyTop reading scoped package data from /home/ubuntu/workspace/authentication/authdemo/node_modules/body-parser/package.json
9 verbose installManyTop reading scoped package data from /home/ubuntu/workspace/authentication/authdemo/node_modules/ejs/package.json
10 verbose installManyTop reading scoped package data from /home/ubuntu/workspace/authentication/authdemo/node_modules/express/package.json
11 verbose installManyTop reading scoped package data from /home/ubuntu/workspace/authentication/authdemo/node_modules/express-session/package.json
12 verbose installManyTop reading scoped package data from /home/ubuntu/workspace/authentication/authdemo/node_modules/mongoose/package.json
13 verbose installManyTop reading scoped package data from /home/ubuntu/workspace/authentication/authdemo/node_modules/passport/package.json
14 verbose installManyTop reading scoped package data from /home/ubuntu/workspace/authentication/authdemo/node_modules/passport-local/package.json
15 verbose installManyTop reading scoped package data from /home/ubuntu/workspace/authentication/authdemo/node_modules/passport-local-mongoose/package.json
16 info package.json passport@0.3.2 No README data
17 info package.json passport-local@1.0.0 No license field.
18 verbose readDependencies loading dependencies from /home/ubuntu/workspace/authentication/authdemo/package.json
19 verbose install passport is installed as 0.3.2
20 silly cache add args [ 'passport@^0.3.2', null ]
21 verbose cache add spec passport@^0.3.2
22 verbose install passport-local is installed as 1.0.0
23 silly cache add args [ 'passport-local@^1.0.0', null ]
24 verbose cache add spec passport-local@^1.0.0
25 silly cache add args [ 'pasport-local-mongoose', null ]
26 verbose cache add spec pasport-local-mongoose
27 verbose install express-session is installed as 1.15.1
28 silly cache add args [ 'express-session@^1.15.1', null ]
29 verbose cache add spec express-session@^1.15.1
30 silly cache add parsed spec Result {
30 silly cache add   raw: 'passport@^0.3.2',
30 silly cache add   scope: null,
30 silly cache add   name: 'passport',
30 silly cache add   rawSpec: '^0.3.2',
30 silly cache add   spec: '>=0.3.2 <0.4.0',
30 silly cache add   type: 'range' }
31 silly addNamed passport@>=0.3.2 <0.4.0
32 verbose addNamed ">=0.3.2 <0.4.0" is a valid semver range for passport
33 silly addNameRange { name: 'passport', range: '>=0.3.2 <0.4.0', hasData: false }
34 silly mapToRegistry name passport
35 silly mapToRegistry using default registry
36 silly mapToRegistry registry https://registry.npmjs.org/
37 silly mapToRegistry data Result {
37 silly mapToRegistry   raw: 'passport',
37 silly mapToRegistry   scope: null,
37 silly mapToRegistry   name: 'passport',
37 silly mapToRegistry   rawSpec: '',
37 silly mapToRegistry   spec: 'latest',
37 silly mapToRegistry   type: 'tag' }
38 silly mapToRegistry uri https://registry.npmjs.org/passport
39 verbose addNameRange registry:https://registry.npmjs.org/passport not in flight; fetching
40 silly cache add parsed spec Result {
40 silly cache add   raw: 'passport-local@^1.0.0',
40 silly cache add   scope: null,
40 silly cache add   name: 'passport-local',
40 silly cache add   rawSpec: '^1.0.0',
40 silly cache add   spec: '>=1.0.0 <2.0.0',
40 silly cache add   type: 'range' }
41 silly addNamed passport-local@>=1.0.0 <2.0.0
42 verbose addNamed ">=1.0.0 <2.0.0" is a valid semver range for passport-local
43 silly addNameRange { name: 'passport-local',
43 silly addNameRange   range: '>=1.0.0 <2.0.0',
43 silly addNameRange   hasData: false }
44 silly mapToRegistry name passport-local
45 silly mapToRegistry using default registry
46 silly mapToRegistry registry https://registry.npmjs.org/
47 silly mapToRegistry data Result {
47 silly mapToRegistry   raw: 'passport-local',
47 silly mapToRegistry   scope: null,
47 silly mapToRegistry   name: 'passport-local',
47 silly mapToRegistry   rawSpec: '',
47 silly mapToRegistry   spec: 'latest',
47 silly mapToRegistry   type: 'tag' }
48 silly mapToRegistry uri https://registry.npmjs.org/passport-local
49 verbose addNameRange registry:https://registry.npmjs.org/passport-local not in flight; fetching
50 silly cache add parsed spec Result {
50 silly cache add   raw: 'express-session@^1.15.1',
50 silly cache add   scope: null,
50 silly cache add   name: 'express-session',
50 silly cache add   rawSpec: '^1.15.1',
50 silly cache add   spec: '>=1.15.1 <2.0.0',
50 silly cache add   type: 'range' }
51 silly addNamed express-session@>=1.15.1 <2.0.0
52 verbose addNamed ">=1.15.1 <2.0.0" is a valid semver range for express-session
53 silly addNameRange { name: 'express-session',
53 silly addNameRange   range: '>=1.15.1 <2.0.0',
53 silly addNameRange   hasData: false }
54 silly mapToRegistry name express-session
55 silly mapToRegistry using default registry
56 silly mapToRegistry registry https://registry.npmjs.org/
57 silly mapToRegistry data Result {
57 silly mapToRegistry   raw: 'express-session',
57 silly mapToRegistry   scope: null,
57 silly mapToRegistry   name: 'express-session',
57 silly mapToRegistry   rawSpec: '',
57 silly mapToRegistry   spec: 'latest',
57 silly mapToRegistry   type: 'tag' }
58 silly mapToRegistry uri https://registry.npmjs.org/express-session
59 verbose addNameRange registry:https://registry.npmjs.org/express-session not in flight; fetching
60 silly cache add parsed spec Result {
60 silly cache add   raw: 'pasport-local-mongoose',
60 silly cache add   scope: null,
60 silly cache add   name: 'pasport-local-mongoose',
60 silly cache add   rawSpec: '',
60 silly cache add   spec: 'latest',
60 silly cache add   type: 'tag' }
61 silly addNamed pasport-local-mongoose@latest
62 verbose addNamed "latest" is being treated as a dist-tag for pasport-local-mongoose
63 info addNameTag [ 'pasport-local-mongoose', 'latest' ]
64 silly mapToRegistry name pasport-local-mongoose
65 silly mapToRegistry using default registry
66 silly mapToRegistry registry https://registry.npmjs.org/
67 silly mapToRegistry data Result {
67 silly mapToRegistry   raw: 'pasport-local-mongoose',
67 silly mapToRegistry   scope: null,
67 silly mapToRegistry   name: 'pasport-local-mongoose',
67 silly mapToRegistry   rawSpec: '',
67 silly mapToRegistry   spec: 'latest',
67 silly mapToRegistry   type: 'tag' }
68 silly mapToRegistry uri https://registry.npmjs.org/pasport-local-mongoose
69 verbose addNameTag registry:https://registry.npmjs.org/pasport-local-mongoose not in flight; fetching
70 verbose request uri https://registry.npmjs.org/pasport-local-mongoose
71 verbose request no auth needed
72 info attempt registry request try #1 at 12:35:36 PM
73 verbose request id 7c71f1b116bbf377
74 http request GET https://registry.npmjs.org/pasport-local-mongoose
75 verbose request uri https://registry.npmjs.org/passport
76 verbose request no auth needed
77 info attempt registry request try #1 at 12:35:36 PM
78 verbose etag W/"58c1f3bd-ad61"
79 verbose lastModified Fri, 10 Mar 2017 00:30:53 GMT
80 http request GET https://registry.npmjs.org/passport
81 verbose request uri https://registry.npmjs.org/passport-local
82 verbose request no auth needed
83 info attempt registry request try #1 at 12:35:36 PM
84 verbose etag W/"58bd1e4a-37f9"
85 verbose lastModified Mon, 06 Mar 2017 08:31:06 GMT
86 http request GET https://registry.npmjs.org/passport-local
87 verbose request uri https://registry.npmjs.org/express-session
88 verbose request no auth needed
89 info attempt registry request try #1 at 12:35:36 PM
90 verbose etag W/"58c1f54b-1e179"
91 verbose lastModified Fri, 10 Mar 2017 00:37:31 GMT
92 http request GET https://registry.npmjs.org/express-session
93 http 304 https://registry.npmjs.org/passport-local
94 verbose headers { date: 'Fri, 10 Mar 2017 12:35:36 GMT',
94 verbose headers   via: '1.1 varnish',
94 verbose headers   'cache-control': 'max-age=300',
94 verbose headers   etag: 'W/"58bd1e4a-37f9"',
94 verbose headers   age: '242',
94 verbose headers   connection: 'keep-alive',
94 verbose headers   'x-served-by': 'cache-lcy1139-LCY',
94 verbose headers   'x-cache': 'HIT',
94 verbose headers   'x-cache-hits': '1',
94 verbose headers   'x-timer': 'S1489149336.459626,VS0,VE0',
94 verbose headers   vary: 'Accept-Encoding' }
95 silly get cb [ 304,
95 silly get   { date: 'Fri, 10 Mar 2017 12:35:36 GMT',
95 silly get     via: '1.1 varnish',
95 silly get     'cache-control': 'max-age=300',
95 silly get     etag: 'W/"58bd1e4a-37f9"',
95 silly get     age: '242',
95 silly get     connection: 'keep-alive',
95 silly get     'x-served-by': 'cache-lcy1139-LCY',
95 silly get     'x-cache': 'HIT',
95 silly get     'x-cache-hits': '1',
95 silly get     'x-timer': 'S1489149336.459626,VS0,VE0',
95 silly get     vary: 'Accept-Encoding' } ]
96 verbose etag https://registry.npmjs.org/passport-local from cache
97 verbose get saving passport-local to /home/ubuntu/.npm/registry.npmjs.org/passport-local/.cache.json
98 verbose correctMkdir /home/ubuntu/.npm correctMkdir not in flight; initializing
99 http 304 https://registry.npmjs.org/passport
100 verbose headers { date: 'Fri, 10 Mar 2017 12:35:36 GMT',
100 verbose headers   via: '1.1 varnish',
100 verbose headers   'cache-control': 'max-age=300',
100 verbose headers   etag: 'W/"58c1f3bd-ad61"',
100 verbose headers   age: '228',
100 verbose headers   connection: 'keep-alive',
100 verbose headers   'x-served-by': 'cache-lhr6337-LHR',
100 verbose headers   'x-cache': 'HIT',
100 verbose headers   'x-cache-hits': '1',
100 verbose headers   'x-timer': 'S1489149336.464075,VS0,VE0',
100 verbose headers   vary: 'Accept-Encoding' }
101 silly get cb [ 304,
101 silly get   { date: 'Fri, 10 Mar 2017 12:35:36 GMT',
101 silly get     via: '1.1 varnish',
101 silly get     'cache-control': 'max-age=300',
101 silly get     etag: 'W/"58c1f3bd-ad61"',
101 silly get     age: '228',
101 silly get     connection: 'keep-alive',
101 silly get     'x-served-by': 'cache-lhr6337-LHR',
101 silly get     'x-cache': 'HIT',
101 silly get     'x-cache-hits': '1',
101 silly get     'x-timer': 'S1489149336.464075,VS0,VE0',
101 silly get     vary: 'Accept-Encoding' } ]
102 verbose etag https://registry.npmjs.org/passport from cache
103 verbose get saving passport to /home/ubuntu/.npm/registry.npmjs.org/passport/.cache.json
104 verbose correctMkdir /home/ubuntu/.npm correctMkdir already in flight; waiting
105 http 304 https://registry.npmjs.org/express-session
106 verbose headers { date: 'Fri, 10 Mar 2017 12:35:36 GMT',
106 verbose headers   via: '1.1 varnish',
106 verbose headers   'cache-control': 'max-age=300',
106 verbose headers   etag: 'W/"58c1f54b-1e179"',
106 verbose headers   age: '0',
106 verbose headers   connection: 'keep-alive',
106 verbose headers   'x-served-by': 'cache-lcy1150-LCY',
106 verbose headers   'x-cache': 'HIT',
106 verbose headers   'x-cache-hits': '1',
106 verbose headers   'x-timer': 'S1489149336.458593,VS0,VE17',
106 verbose headers   vary: 'Accept-Encoding' }
107 silly get cb [ 304,
107 silly get   { date: 'Fri, 10 Mar 2017 12:35:36 GMT',
107 silly get     via: '1.1 varnish',
107 silly get     'cache-control': 'max-age=300',
107 silly get     etag: 'W/"58c1f54b-1e179"',
107 silly get     age: '0',
107 silly get     connection: 'keep-alive',
107 silly get     'x-served-by': 'cache-lcy1150-LCY',
107 silly get     'x-cache': 'HIT',
107 silly get     'x-cache-hits': '1',
107 silly get     'x-timer': 'S1489149336.458593,VS0,VE17',
107 silly get     vary: 'Accept-Encoding' } ]
108 verbose etag https://registry.npmjs.org/express-session from cache
109 verbose get saving express-session to /home/ubuntu/.npm/registry.npmjs.org/express-session/.cache.json
110 verbose correctMkdir /home/ubuntu/.npm correctMkdir not in flight; initializing
111 silly addNameRange number 2 { name: 'passport', range: '>=0.3.2 <0.4.0', hasData: true }
112 silly addNameRange versions [ 'passport',
112 silly addNameRange   [ '0.1.0',
112 silly addNameRange     '0.1.1',
112 silly addNameRange     '0.1.2',
112 silly addNameRange     '0.1.3',
112 silly addNameRange     '0.1.4',
112 silly addNameRange     '0.1.5',
112 silly addNameRange     '0.1.6',
112 silly addNameRange     '0.1.7',
112 silly addNameRange     '0.1.8',
112 silly addNameRange     '0.1.9',
112 silly addNameRange     '0.1.10',
112 silly addNameRange     '0.1.11',
112 silly addNameRange     '0.1.12',
112 silly addNameRange     '0.1.13',
112 silly addNameRange     '0.1.14',
112 silly addNameRange     '0.1.15',
112 silly addNameRange     '0.1.16',
112 silly addNameRange     '0.1.17',
112 silly addNameRange     '0.1.18',
112 silly addNameRange     '0.2.0',
112 silly addNameRange     '0.2.1',
112 silly addNameRange     '0.2.2',
112 silly addNameRange     '0.3.0',
112 silly addNameRange     '0.3.1',
112 silly addNameRange     '0.3.2' ] ]
113 silly addNamed passport@0.3.2
114 verbose addNamed "0.3.2" is a plain semver version for passport
115 silly addNameRange number 2 { name: 'passport-local',
115 silly addNameRange   range: '>=1.0.0 <2.0.0',
115 silly addNameRange   hasData: true }
116 silly addNameRange versions [ 'passport-local',
116 silly addNameRange   [ '0.1.0',
116 silly addNameRange     '0.1.1',
116 silly addNameRange     '0.1.2',
116 silly addNameRange     '0.1.3',
116 silly addNameRange     '0.1.4',
116 silly addNameRange     '0.1.5',
116 silly addNameRange     '0.1.6',
116 silly addNameRange     '1.0.0' ] ]
117 silly addNamed passport-local@1.0.0
118 verbose addNamed "1.0.0" is a plain semver version for passport-local
119 silly cache afterAdd passport@0.3.2
120 verbose afterAdd /home/ubuntu/.npm/passport/0.3.2/package/package.json not in flight; writing
121 verbose correctMkdir /home/ubuntu/.npm correctMkdir not in flight; initializing
122 silly cache afterAdd passport-local@1.0.0
123 verbose afterAdd /home/ubuntu/.npm/passport-local/1.0.0/package/package.json not in flight; writing
124 verbose correctMkdir /home/ubuntu/.npm correctMkdir not in flight; initializing
125 silly addNameRange number 2 { name: 'express-session',
125 silly addNameRange   range: '>=1.15.1 <2.0.0',
125 silly addNameRange   hasData: true }
126 silly addNameRange versions [ 'express-session',
126 silly addNameRange   [ '1.0.0',
126 silly addNameRange     '1.0.1',
126 silly addNameRange     '1.0.2',
126 silly addNameRange     '1.0.3',
126 silly addNameRange     '1.0.4',
126 silly addNameRange     '1.1.0',
126 silly addNameRange     '1.2.0',
126 silly addNameRange     '1.2.1',
126 silly addNameRange     '1.3.0',
126 silly addNameRange     '1.3.1',
126 silly addNameRange     '1.4.0',
126 silly addNameRange     '1.5.0',
126 silly addNameRange     '1.5.1',
126 silly addNameRange     '1.5.2',
126 silly addNameRange     '1.6.0',
126 silly addNameRange     '1.6.1',
126 silly addNameRange     '1.6.2',
126 silly addNameRange     '1.6.3',
126 silly addNameRange     '1.6.4',
126 silly addNameRange     '1.6.5',
126 silly addNameRange     '1.7.0',
126 silly addNameRange     '1.7.1',
126 silly addNameRange     '1.7.2',
126 silly addNameRange     '1.7.3',
126 silly addNameRange     '1.7.4',
126 silly addNameRange     '1.7.5',
126 silly addNameRange     '1.7.6',
126 silly addNameRange     '1.8.0',
126 silly addNameRange     '1.8.1',
126 silly addNameRange     '1.8.2',
126 silly addNameRange     '1.9.0',
126 silly addNameRange     '1.9.1',
126 silly addNameRange     '1.9.2',
126 silly addNameRange     '1.9.3',
126 silly addNameRange     '1.10.0',
126 silly addNameRange     '1.10.1',
126 silly addNameRange     '1.10.2',
126 silly addNameRange     '1.10.3',
126 silly addNameRange     '1.10.4',
126 silly addNameRange     '1.11.0',
126 silly addNameRange     '1.11.1',
126 silly addNameRange     '1.11.2',
126 silly addNameRange     '1.11.3',
126 silly addNameRange     '1.12.0',
126 silly addNameRange     '1.12.1',
126 silly addNameRange     '1.13.0',
126 silly addNameRange     '1.14.0',
126 silly addNameRange     '1.14.1',
126 silly addNameRange     '1.14.2',
126 silly addNameRange     '1.15.0',
126 silly addNameRange     '1.15.1' ] ]
127 silly addNamed express-session@1.15.1
128 verbose addNamed "1.15.1" is a plain semver version for express-session
129 verbose afterAdd /home/ubuntu/.npm/passport/0.3.2/package/package.json written
130 verbose afterAdd /home/ubuntu/.npm/passport-local/1.0.0/package/package.json written
131 silly cache afterAdd express-session@1.15.1
132 verbose afterAdd /home/ubuntu/.npm/express-session/1.15.1/package/package.json not in flight; writing
133 verbose correctMkdir /home/ubuntu/.npm correctMkdir not in flight; initializing
134 verbose afterAdd /home/ubuntu/.npm/express-session/1.15.1/package/package.json written
135 http 404 https://registry.npmjs.org/pasport-local-mongoose
136 verbose headers { 'content-type': 'application/json',
136 verbose headers   'cache-control': 'max-age=0',
136 verbose headers   'content-length': '2',
136 verbose headers   'accept-ranges': 'bytes',
136 verbose headers   date: 'Fri, 10 Mar 2017 12:35:38 GMT',
136 verbose headers   via: '1.1 varnish',
136 verbose headers   age: '0',
136 verbose headers   connection: 'keep-alive',
136 verbose headers   'x-served-by': 'cache-lcy1131-LCY',
136 verbose headers   'x-cache': 'MISS',
136 verbose headers   'x-cache-hits': '0',
136 verbose headers   'x-timer': 'S1489149338.214719,VS0,VE409',
136 verbose headers   vary: 'Accept-Encoding' }
137 silly get cb [ 404,
137 silly get   { 'content-type': 'application/json',
137 silly get     'cache-control': 'max-age=0',
137 silly get     'content-length': '2',
137 silly get     'accept-ranges': 'bytes',
137 silly get     date: 'Fri, 10 Mar 2017 12:35:38 GMT',
137 silly get     via: '1.1 varnish',
137 silly get     age: '0',
137 silly get     connection: 'keep-alive',
137 silly get     'x-served-by': 'cache-lcy1131-LCY',
137 silly get     'x-cache': 'MISS',
137 silly get     'x-cache-hits': '0',
137 silly get     'x-timer': 'S1489149338.214719,VS0,VE409',
137 silly get     vary: 'Accept-Encoding' } ]
138 verbose stack Error: Registry returned 404 for GET on https://registry.npmjs.org/pasport-local-mongoose
138 verbose stack     at makeError (/home/ubuntu/.nvm/versions/node/v4.7.3/lib/node_modules/npm/node_modules/npm-registry-client/lib/request.js:302:12)
138 verbose stack     at CachingRegistryClient.<anonymous> (/home/ubuntu/.nvm/versions/node/v4.7.3/lib/node_modules/npm/node_modules/npm-registry-client/lib/request.js:280:14)
138 verbose stack     at Request._callback (/home/ubuntu/.nvm/versions/node/v4.7.3/lib/node_modules/npm/node_modules/npm-registry-client/lib/request.js:210:14)
138 verbose stack     at Request.self.callback (/home/ubuntu/.nvm/versions/node/v4.7.3/lib/node_modules/npm/node_modules/request/request.js:187:22)
138 verbose stack     at emitTwo (events.js:87:13)
138 verbose stack     at Request.emit (events.js:172:7)
138 verbose stack     at Request.<anonymous> (/home/ubuntu/.nvm/versions/node/v4.7.3/lib/node_modules/npm/node_modules/request/request.js:1044:10)
138 verbose stack     at emitOne (events.js:77:13)
138 verbose stack     at Request.emit (events.js:169:7)
138 verbose stack     at IncomingMessage.<anonymous> (/home/ubuntu/.nvm/versions/node/v4.7.3/lib/node_modules/npm/node_modules/request/request.js:965:12)
139 verbose statusCode 404
140 verbose pkgid pasport-local-mongoose
141 verbose cwd /home/ubuntu/workspace/authentication/authdemo
142 error Linux 4.8.8-c9
143 error argv "/home/ubuntu/.nvm/versions/node/v4.7.3/bin/node" "/home/ubuntu/.nvm/versions/node/v4.7.3/bin/npm" "install" "passport" "passport-local" "pasport-local-mongoose" "express-session" "--save"
144 error node v4.7.3
145 error npm  v2.15.11
146 error code E404
147 error 404 Registry returned 404 for GET on https://registry.npmjs.org/pasport-local-mongoose
147 error 404
147 error 404 'pasport-local-mongoose' is not in the npm registry.
147 error 404 You should bug the author to publish it (or use the name yourself!)
147 error 404 It was specified as a dependency of 'authdemo'
147 error 404
147 error 404 Note that you can also install from a
147 error 404 tarball, folder, http url, or git url.
148 verbose exit [ 1, true ]
